\BOOKMARK [0][]{sjtubookmark.1.0}{\376\377\230\230\124\015\230\165}{}% 1
\BOOKMARK [0][]{sjtubookmark.2.0}{\376\377\123\237\122\033\140\047\130\360\146\016\123\312\117\177\165\050\143\210\147\103\116\146}{}% 2
\BOOKMARK [0][]{sjtubookmark.3.0}{\376\377\144\130\211\201}{}% 3
\BOOKMARK [0][]{chapter*.4}{\376\377\144\130\000\040\211\201}{}% 4
\BOOKMARK [0][]{chapter*.5}{\376\377\000A\000B\000S\000T\000R\000A\000C\000T}{}% 5
\BOOKMARK [0][]{sjtubookmark.4.0}{\376\377\166\356\137\125}{}% 6
\BOOKMARK [0][]{chapter.1}{\376\377\173\054\116\000\172\340\000\040\176\352\213\272}{}% 7
\BOOKMARK [1][-]{section.1.1}{\376\377\0001\000.\0001\000\040\137\025\212\000}{chapter.1}% 8
\BOOKMARK [1][-]{section.1.2}{\376\377\0001\000.\0002\000\040\147\054\145\207\170\024\172\166\116\073\211\201\121\205\133\271}{chapter.1}% 9
\BOOKMARK [1][-]{section.1.3}{\376\377\0001\000.\0003\000\040\147\054\145\207\170\024\172\166\141\017\116\111}{chapter.1}% 10
\BOOKMARK [1][-]{section.1.4}{\376\377\0001\000.\0004\000\040\147\054\172\340\134\017\176\323}{chapter.1}% 11
\BOOKMARK [0][]{chapter.2}{\376\377\173\054\116\214\172\340\000\040\153\143\145\207\145\207\133\127\150\074\137\017}{}% 12
\BOOKMARK [1][-]{section.2.1}{\376\377\0002\000.\0001\000\040\213\272\145\207\153\143\145\207}{chapter.2}% 13
\BOOKMARK [1][-]{section.2.2}{\376\377\0002\000.\0002\000\040\133\127\145\160\211\201\154\102}{chapter.2}% 14
\BOOKMARK [2][-]{subsection.2.2.1}{\376\377\0002\000.\0002\000.\0001\000\040\147\054\171\321\213\272\145\207\211\201\154\102}{section.2.2}% 15
\BOOKMARK [1][-]{section.2.3}{\376\377\0002\000.\0003\000\040\147\054\172\340\134\017\176\323}{chapter.2}% 16
\BOOKMARK [0][]{chapter.3}{\376\377\173\054\116\011\172\340\000\040\126\376\210\150\060\001\121\154\137\017\150\074\137\017}{}% 17
\BOOKMARK [1][-]{section.3.1}{\376\377\0003\000.\0001\000\040\126\376\210\150\150\074\137\017}{chapter.3}% 18
\BOOKMARK [1][-]{section.3.2}{\376\377\0003\000.\0002\000\040\121\154\137\017\150\074\137\017}{chapter.3}% 19
\BOOKMARK [1][-]{section.3.3}{\376\377\0003\000.\0003\000\040\147\054\172\340\134\017\176\323}{chapter.3}% 20
\BOOKMARK [0][]{chapter.4}{\376\377\173\054\126\333\172\340\000\040\121\150\145\207\140\073\176\323}{}% 21
\BOOKMARK [1][-]{section.4.1}{\376\377\0004\000.\0001\000\040\116\073\211\201\176\323\213\272}{chapter.4}% 22
\BOOKMARK [1][-]{section.4.2}{\376\377\0004\000.\0002\000\040\170\024\172\166\134\125\147\033}{chapter.4}% 23
\BOOKMARK [0][]{chapter*.10}{\376\377\123\302\200\003\145\207\163\056}{}% 24
\BOOKMARK [0][]{sjtubookmark.5.0}{\376\377\226\104\137\125\000\040\0001}{}% 25
\BOOKMARK [0][]{chapter*.12}{\376\377\226\104\137\125}{}% 26
\BOOKMARK [0][]{section*.13}{\376\377\145\073\213\373\133\146\117\115\147\037\225\364\133\146\147\057\213\272\145\207\124\214\171\321\170\024\142\020\147\234\166\356\137\125}{}% 27
\BOOKMARK [0][]{section*.15}{\376\377\201\364\214\042}{}% 28
\BOOKMARK [0][]{sjtubookmark.6.0}{}{}% 29
